{"contracts/MyProxyAdmin.sol":{"l":{},"path":"/Users/yessinemaalej/erable/contracts/contracts/MyProxyAdmin.sol","s":{},"b":{},"f":{},"fnMap":{},"statementMap":{},"branchMap":{}},"contracts/MyTransparentUpgradeableProxy.sol":{"l":{},"path":"/Users/yessinemaalej/erable/contracts/contracts/MyTransparentUpgradeableProxy.sol","s":{},"b":{},"f":{"1":0},"fnMap":{"1":{"name":"constructor","line":11,"loc":{"start":{"line":7,"column":4},"end":{"line":11,"column":58}}}},"statementMap":{},"branchMap":{}},"contracts/Staking.sol":{"l":{"113":42,"114":1,"116":41,"144":55,"145":55,"146":55,"147":55,"149":55,"150":55,"151":55,"152":55,"153":55,"154":55,"155":55,"156":55,"157":55,"158":55,"171":41,"172":0,"174":41,"175":1,"177":40,"178":1,"181":39,"182":39,"192":39,"193":39,"194":39,"196":39,"197":39,"205":28,"206":28,"207":1,"209":27,"210":1,"213":26,"214":13,"215":13,"216":13,"217":13,"220":13,"228":12,"229":12,"230":1,"232":11,"233":1,"236":10,"245":23,"246":23,"247":23,"256":23,"258":23,"259":23,"260":23,"261":23,"262":23,"263":23,"264":23,"266":23,"267":20,"293":23,"294":23,"296":23,"297":23,"299":23,"301":23,"309":9,"317":6,"325":9,"332":2,"339":1,"350":13,"351":13,"359":1,"367":1,"375":1,"383":1,"394":2,"405":2,"415":81,"416":62,"418":19,"419":19,"420":19,"438":34,"439":16,"441":18,"442":18,"450":5,"457":1,"465":2,"466":2,"474":1,"475":1,"483":57,"484":1,"486":56,"487":56,"488":56,"496":4,"497":1,"499":3,"500":1,"502":2,"503":2,"504":2,"513":25,"514":25,"515":25,"517":25,"518":28,"519":28,"520":28,"524":25},"path":"/Users/yessinemaalej/erable/contracts/contracts/Staking.sol","s":{"1":42,"2":55,"3":55,"4":55,"5":55,"6":41,"7":41,"8":40,"9":39,"10":39,"11":39,"12":28,"13":28,"14":27,"15":26,"16":13,"17":13,"18":13,"19":12,"20":12,"21":11,"22":10,"23":23,"24":23,"25":23,"26":23,"27":23,"28":23,"29":23,"30":23,"31":23,"32":23,"33":23,"34":23,"35":23,"36":23,"37":9,"38":6,"39":9,"40":2,"41":1,"42":81,"43":62,"44":19,"45":19,"46":19,"47":34,"48":16,"49":18,"50":18,"51":2,"52":1,"53":57,"54":56,"55":56,"56":4,"57":3,"58":2,"59":2,"60":25,"61":25,"62":25,"63":25,"64":25},"b":{"1":[1,41],"2":[55,0],"3":[43,0],"4":[42,1],"5":[41,1],"6":[0,41],"7":[1,40],"8":[1,39],"9":[28,0],"10":[1,27],"11":[1,26],"12":[13,13],"13":[12,0],"14":[1,11],"15":[1,10],"16":[20,3],"17":[2,0],"18":[1,0],"19":[13,0],"20":[1,0],"21":[1,0],"22":[1,0],"23":[1,1],"24":[2,0],"25":[2,0],"26":[62,19],"27":[16,18],"28":[5,0],"29":[1,1],"30":[2,0],"31":[1,0],"32":[57,0],"33":[1,56],"34":[4,0],"35":[1,3],"36":[1,2]},"f":{"1":42,"2":55,"3":41,"4":28,"5":12,"6":23,"7":23,"8":9,"9":6,"10":9,"11":2,"12":1,"13":13,"14":1,"15":1,"16":1,"17":1,"18":2,"19":2,"20":81,"21":34,"22":5,"23":1,"24":2,"25":1,"26":57,"27":4,"28":25},"fnMap":{"1":{"name":"onlyWhitelisted","line":112,"loc":{"start":{"line":112,"column":4},"end":{"line":117,"column":4}}},"2":{"name":"initialize","line":143,"loc":{"start":{"line":132,"column":4},"end":{"line":159,"column":4}}},"3":{"name":"stake","line":169,"loc":{"start":{"line":165,"column":4},"end":{"line":198,"column":4}}},"4":{"name":"unstake","line":204,"loc":{"start":{"line":204,"column":4},"end":{"line":221,"column":4}}},"5":{"name":"claim","line":227,"loc":{"start":{"line":227,"column":4},"end":{"line":237,"column":4}}},"6":{"name":"_processUnstake","line":244,"loc":{"start":{"line":244,"column":4},"end":{"line":269,"column":4}}},"7":{"name":"calculateTotalWithdraw","line":281,"loc":{"start":{"line":281,"column":4},"end":{"line":302,"column":4}}},"8":{"name":"totalStaked","line":308,"loc":{"start":{"line":308,"column":4},"end":{"line":310,"column":4}}},"9":{"name":"pendingRewards","line":316,"loc":{"start":{"line":316,"column":4},"end":{"line":318,"column":4}}},"10":{"name":"rewardPool","line":324,"loc":{"start":{"line":324,"column":4},"end":{"line":326,"column":4}}},"11":{"name":"pause","line":331,"loc":{"start":{"line":331,"column":4},"end":{"line":333,"column":4}}},"12":{"name":"unpause","line":338,"loc":{"start":{"line":338,"column":4},"end":{"line":340,"column":4}}},"13":{"name":"updateStakingDuration","line":348,"loc":{"start":{"line":346,"column":4},"end":{"line":352,"column":4}}},"14":{"name":"updateMinCap","line":358,"loc":{"start":{"line":358,"column":4},"end":{"line":360,"column":4}}},"15":{"name":"updateMaxCap","line":366,"loc":{"start":{"line":366,"column":4},"end":{"line":368,"column":4}}},"16":{"name":"updateYieldConstant","line":374,"loc":{"start":{"line":374,"column":4},"end":{"line":376,"column":4}}},"17":{"name":"updateCooldownPeriod","line":382,"loc":{"start":{"line":382,"column":4},"end":{"line":384,"column":4}}},"18":{"name":"updateStartingSlashingPoint","line":392,"loc":{"start":{"line":390,"column":4},"end":{"line":395,"column":4}}},"19":{"name":"updateMonthlyIncreasePercentage","line":403,"loc":{"start":{"line":401,"column":4},"end":{"line":406,"column":4}}},"20":{"name":"calculateYield","line":414,"loc":{"start":{"line":414,"column":4},"end":{"line":422,"column":4}}},"21":{"name":"calculateTax","line":432,"loc":{"start":{"line":432,"column":4},"end":{"line":444,"column":4}}},"22":{"name":"enableWhitelist","line":449,"loc":{"start":{"line":449,"column":4},"end":{"line":451,"column":4}}},"23":{"name":"disableWhitelist","line":456,"loc":{"start":{"line":456,"column":4},"end":{"line":458,"column":4}}},"24":{"name":"addToWhitelist","line":464,"loc":{"start":{"line":464,"column":4},"end":{"line":467,"column":4}}},"25":{"name":"removeFromWhitelist","line":473,"loc":{"start":{"line":473,"column":4},"end":{"line":476,"column":4}}},"26":{"name":"depositRewardTokens","line":482,"loc":{"start":{"line":482,"column":4},"end":{"line":489,"column":4}}},"27":{"name":"withdrawRewardTokens","line":495,"loc":{"start":{"line":495,"column":4},"end":{"line":505,"column":4}}},"28":{"name":"getTotalStakedForUser","line":512,"loc":{"start":{"line":512,"column":4},"end":{"line":525,"column":4}}}},"statementMap":{"1":{"start":{"line":113,"column":8},"end":{"line":113,"column":3996}},"2":{"start":{"line":144,"column":8},"end":{"line":144,"column":33}},"3":{"start":{"line":145,"column":8},"end":{"line":145,"column":24}},"4":{"start":{"line":146,"column":8},"end":{"line":146,"column":31}},"5":{"start":{"line":147,"column":8},"end":{"line":147,"column":32}},"6":{"start":{"line":171,"column":8},"end":{"line":171,"column":6167}},"7":{"start":{"line":174,"column":8},"end":{"line":174,"column":6238}},"8":{"start":{"line":177,"column":8},"end":{"line":177,"column":6334}},"9":{"start":{"line":181,"column":8},"end":{"line":181,"column":54}},"10":{"start":{"line":196,"column":8},"end":{"line":196,"column":72}},"11":{"start":{"line":197,"column":8},"end":{"line":197,"column":40}},"12":{"start":{"line":205,"column":8},"end":{"line":205,"column":65}},"13":{"start":{"line":206,"column":8},"end":{"line":206,"column":7379}},"14":{"start":{"line":209,"column":8},"end":{"line":209,"column":7463}},"15":{"start":{"line":213,"column":8},"end":{"line":213,"column":7562}},"16":{"start":{"line":216,"column":12},"end":{"line":216,"column":63}},"17":{"start":{"line":217,"column":12},"end":{"line":217,"column":18}},"18":{"start":{"line":220,"column":8},"end":{"line":220,"column":43}},"19":{"start":{"line":228,"column":8},"end":{"line":228,"column":65}},"20":{"start":{"line":229,"column":8},"end":{"line":229,"column":8173}},"21":{"start":{"line":232,"column":8},"end":{"line":232,"column":8268}},"22":{"start":{"line":236,"column":8},"end":{"line":236,"column":43}},"23":{"start":{"line":245,"column":8},"end":{"line":245,"column":59}},"24":{"start":{"line":246,"column":8},"end":{"line":246,"column":42}},"25":{"start":{"line":247,"column":8},"end":{"line":247,"column":8821}},"26":{"start":{"line":256,"column":8},"end":{"line":256,"column":52}},"27":{"start":{"line":262,"column":8},"end":{"line":262,"column":51}},"28":{"start":{"line":263,"column":8},"end":{"line":263,"column":41}},"29":{"start":{"line":264,"column":8},"end":{"line":264,"column":43}},"30":{"start":{"line":266,"column":8},"end":{"line":266,"column":9483}},"31":{"start":{"line":293,"column":8},"end":{"line":293,"column":80}},"32":{"start":{"line":294,"column":8},"end":{"line":294,"column":114}},"33":{"start":{"line":296,"column":8},"end":{"line":296,"column":45}},"34":{"start":{"line":297,"column":8},"end":{"line":297,"column":49}},"35":{"start":{"line":299,"column":8},"end":{"line":299,"column":68}},"36":{"start":{"line":301,"column":8},"end":{"line":301,"column":34}},"37":{"start":{"line":309,"column":8},"end":{"line":309,"column":27}},"38":{"start":{"line":317,"column":8},"end":{"line":317,"column":35}},"39":{"start":{"line":325,"column":8},"end":{"line":325,"column":26}},"40":{"start":{"line":332,"column":8},"end":{"line":332,"column":15}},"41":{"start":{"line":339,"column":8},"end":{"line":339,"column":17}},"42":{"start":{"line":415,"column":8},"end":{"line":415,"column":14125}},"43":{"start":{"line":416,"column":12},"end":{"line":416,"column":39}},"44":{"start":{"line":418,"column":12},"end":{"line":418,"column":86}},"45":{"start":{"line":419,"column":12},"end":{"line":419,"column":64}},"46":{"start":{"line":420,"column":12},"end":{"line":420,"column":20}},"47":{"start":{"line":438,"column":8},"end":{"line":438,"column":15094}},"48":{"start":{"line":439,"column":12},"end":{"line":439,"column":20}},"49":{"start":{"line":441,"column":12},"end":{"line":441,"column":109}},"50":{"start":{"line":442,"column":12},"end":{"line":442,"column":20}},"51":{"start":{"line":466,"column":8},"end":{"line":466,"column":51}},"52":{"start":{"line":475,"column":8},"end":{"line":475,"column":52}},"53":{"start":{"line":483,"column":8},"end":{"line":483,"column":16397}},"54":{"start":{"line":487,"column":8},"end":{"line":487,"column":72}},"55":{"start":{"line":488,"column":8},"end":{"line":488,"column":41}},"56":{"start":{"line":496,"column":8},"end":{"line":496,"column":16835}},"57":{"start":{"line":499,"column":8},"end":{"line":499,"column":16906}},"58":{"start":{"line":503,"column":8},"end":{"line":503,"column":53}},"59":{"start":{"line":504,"column":8},"end":{"line":504,"column":42}},"60":{"start":{"line":513,"column":8},"end":{"line":513,"column":37}},"61":{"start":{"line":514,"column":8},"end":{"line":514,"column":51}},"62":{"start":{"line":515,"column":8},"end":{"line":515,"column":67}},"63":{"start":{"line":517,"column":8},"end":{"line":517,"column":17559}},"64":{"start":{"line":524,"column":8},"end":{"line":524,"column":32}}},"branchMap":{"1":{"line":113,"type":"if","locations":[{"start":{"line":113,"column":8},"end":{"line":113,"column":8}},{"start":{"line":113,"column":8},"end":{"line":113,"column":8}}]},"2":{"line":143,"type":"if","locations":[{"start":{"line":143,"column":13},"end":{"line":143,"column":13}},{"start":{"line":143,"column":13},"end":{"line":143,"column":13}}]},"3":{"line":167,"type":"if","locations":[{"start":{"line":167,"column":8},"end":{"line":167,"column":8}},{"start":{"line":167,"column":8},"end":{"line":167,"column":8}}]},"4":{"line":168,"type":"if","locations":[{"start":{"line":168,"column":8},"end":{"line":168,"column":8}},{"start":{"line":168,"column":8},"end":{"line":168,"column":8}}]},"5":{"line":169,"type":"if","locations":[{"start":{"line":169,"column":8},"end":{"line":169,"column":8}},{"start":{"line":169,"column":8},"end":{"line":169,"column":8}}]},"6":{"line":171,"type":"if","locations":[{"start":{"line":171,"column":8},"end":{"line":171,"column":8}},{"start":{"line":171,"column":8},"end":{"line":171,"column":8}}]},"7":{"line":174,"type":"if","locations":[{"start":{"line":174,"column":8},"end":{"line":174,"column":8}},{"start":{"line":174,"column":8},"end":{"line":174,"column":8}}]},"8":{"line":177,"type":"if","locations":[{"start":{"line":177,"column":8},"end":{"line":177,"column":8}},{"start":{"line":177,"column":8},"end":{"line":177,"column":8}}]},"9":{"line":204,"type":"if","locations":[{"start":{"line":204,"column":47},"end":{"line":204,"column":47}},{"start":{"line":204,"column":47},"end":{"line":204,"column":47}}]},"10":{"line":206,"type":"if","locations":[{"start":{"line":206,"column":8},"end":{"line":206,"column":8}},{"start":{"line":206,"column":8},"end":{"line":206,"column":8}}]},"11":{"line":209,"type":"if","locations":[{"start":{"line":209,"column":8},"end":{"line":209,"column":8}},{"start":{"line":209,"column":8},"end":{"line":209,"column":8}}]},"12":{"line":213,"type":"if","locations":[{"start":{"line":213,"column":8},"end":{"line":213,"column":8}},{"start":{"line":213,"column":8},"end":{"line":213,"column":8}}]},"13":{"line":227,"type":"if","locations":[{"start":{"line":227,"column":45},"end":{"line":227,"column":45}},{"start":{"line":227,"column":45},"end":{"line":227,"column":45}}]},"14":{"line":229,"type":"if","locations":[{"start":{"line":229,"column":8},"end":{"line":229,"column":8}},{"start":{"line":229,"column":8},"end":{"line":229,"column":8}}]},"15":{"line":232,"type":"if","locations":[{"start":{"line":232,"column":8},"end":{"line":232,"column":8}},{"start":{"line":232,"column":8},"end":{"line":232,"column":8}}]},"16":{"line":266,"type":"if","locations":[{"start":{"line":266,"column":8},"end":{"line":266,"column":8}},{"start":{"line":266,"column":8},"end":{"line":266,"column":8}}]},"17":{"line":331,"type":"if","locations":[{"start":{"line":331,"column":30},"end":{"line":331,"column":30}},{"start":{"line":331,"column":30},"end":{"line":331,"column":30}}]},"18":{"line":338,"type":"if","locations":[{"start":{"line":338,"column":32},"end":{"line":338,"column":32}},{"start":{"line":338,"column":32},"end":{"line":338,"column":32}}]},"19":{"line":348,"type":"if","locations":[{"start":{"line":348,"column":8},"end":{"line":348,"column":8}},{"start":{"line":348,"column":8},"end":{"line":348,"column":8}}]},"20":{"line":358,"type":"if","locations":[{"start":{"line":358,"column":52},"end":{"line":358,"column":52}},{"start":{"line":358,"column":52},"end":{"line":358,"column":52}}]},"21":{"line":366,"type":"if","locations":[{"start":{"line":366,"column":52},"end":{"line":366,"column":52}},{"start":{"line":366,"column":52},"end":{"line":366,"column":52}}]},"22":{"line":374,"type":"if","locations":[{"start":{"line":374,"column":66},"end":{"line":374,"column":66}},{"start":{"line":374,"column":66},"end":{"line":374,"column":66}}]},"23":{"line":382,"type":"if","locations":[{"start":{"line":382,"column":68},"end":{"line":382,"column":68}},{"start":{"line":382,"column":68},"end":{"line":382,"column":68}}]},"24":{"line":392,"type":"if","locations":[{"start":{"line":392,"column":8},"end":{"line":392,"column":8}},{"start":{"line":392,"column":8},"end":{"line":392,"column":8}}]},"25":{"line":403,"type":"if","locations":[{"start":{"line":403,"column":8},"end":{"line":403,"column":8}},{"start":{"line":403,"column":8},"end":{"line":403,"column":8}}]},"26":{"line":415,"type":"if","locations":[{"start":{"line":415,"column":8},"end":{"line":415,"column":8}},{"start":{"line":415,"column":8},"end":{"line":415,"column":8}}]},"27":{"line":438,"type":"if","locations":[{"start":{"line":438,"column":8},"end":{"line":438,"column":8}},{"start":{"line":438,"column":8},"end":{"line":438,"column":8}}]},"28":{"line":449,"type":"if","locations":[{"start":{"line":449,"column":40},"end":{"line":449,"column":40}},{"start":{"line":449,"column":40},"end":{"line":449,"column":40}}]},"29":{"line":456,"type":"if","locations":[{"start":{"line":456,"column":41},"end":{"line":456,"column":41}},{"start":{"line":456,"column":41},"end":{"line":456,"column":41}}]},"30":{"line":464,"type":"if","locations":[{"start":{"line":464,"column":55},"end":{"line":464,"column":55}},{"start":{"line":464,"column":55},"end":{"line":464,"column":55}}]},"31":{"line":473,"type":"if","locations":[{"start":{"line":473,"column":60},"end":{"line":473,"column":60}},{"start":{"line":473,"column":60},"end":{"line":473,"column":60}}]},"32":{"line":482,"type":"if","locations":[{"start":{"line":482,"column":59},"end":{"line":482,"column":59}},{"start":{"line":482,"column":59},"end":{"line":482,"column":59}}]},"33":{"line":483,"type":"if","locations":[{"start":{"line":483,"column":8},"end":{"line":483,"column":8}},{"start":{"line":483,"column":8},"end":{"line":483,"column":8}}]},"34":{"line":495,"type":"if","locations":[{"start":{"line":495,"column":60},"end":{"line":495,"column":60}},{"start":{"line":495,"column":60},"end":{"line":495,"column":60}}]},"35":{"line":496,"type":"if","locations":[{"start":{"line":496,"column":8},"end":{"line":496,"column":8}},{"start":{"line":496,"column":8},"end":{"line":496,"column":8}}]},"36":{"line":499,"type":"if","locations":[{"start":{"line":499,"column":8},"end":{"line":499,"column":8}},{"start":{"line":499,"column":8},"end":{"line":499,"column":8}}]}}},"contracts/StakingToken.sol":{"l":{"8":0},"path":"/Users/yessinemaalej/erable/contracts/contracts/StakingToken.sol","s":{"1":0},"b":{},"f":{"1":0},"fnMap":{"1":{"name":"constructor","line":7,"loc":{"start":{"line":7,"column":4},"end":{"line":9,"column":4}}}},"statementMap":{"1":{"start":{"line":8,"column":8},"end":{"line":8,"column":39}}},"branchMap":{}},"contracts/StakingV2.sol":{"l":{},"path":"/Users/yessinemaalej/erable/contracts/contracts/StakingV2.sol","s":{},"b":{},"f":{},"fnMap":{},"statementMap":{},"branchMap":{}}}