{"contracts/Staking.sol":{"l":{"50":19,"51":18,"55":18,"56":17,"76":26,"77":26,"78":26,"80":26,"81":26,"82":26,"83":26,"84":26,"85":26,"86":26,"87":26,"88":26,"103":17,"104":17,"105":2,"107":16,"108":2,"110":15,"111":15,"112":15,"113":15,"123":10,"124":10,"125":9,"127":8,"128":1,"129":1,"130":1,"131":1,"132":1,"133":1,"136":4,"137":4,"138":4,"141":3,"142":3,"143":3,"144":3,"145":3,"153":3,"154":3,"155":2,"157":1,"158":1,"160":1,"161":1,"162":1,"163":1,"164":1,"178":5,"179":5,"180":5,"182":5,"183":5,"184":5,"186":5,"194":5,"202":2,"209":2,"216":1,"224":1,"225":1,"233":2,"241":2,"249":0,"257":0,"265":0,"273":0,"282":5,"283":4,"285":1,"286":1,"287":1,"297":5,"298":4,"300":1,"301":1,"309":3,"316":0,"324":2,"325":2,"333":1,"334":1,"342":1,"343":1,"344":1,"345":1,"353":1,"354":1,"355":1,"356":1,"357":1},"path":"/Users/yessinemaalej/erable/contracts/contracts/Staking.sol","s":{"1":19,"2":18,"3":26,"4":26,"5":26,"6":17,"7":17,"8":2,"9":16,"10":2,"11":15,"12":15,"13":10,"14":10,"15":9,"16":8,"17":1,"18":1,"19":1,"20":1,"21":7,"22":4,"23":3,"24":3,"25":3,"26":3,"27":3,"28":3,"29":2,"30":1,"31":1,"32":1,"33":1,"34":5,"35":5,"36":5,"37":5,"38":5,"39":5,"40":5,"41":5,"42":2,"43":5,"44":4,"45":1,"46":1,"47":1,"48":5,"49":4,"50":1,"51":1,"52":2,"53":1,"54":1,"55":1,"56":1,"57":1,"58":1,"59":1,"60":1},"b":{"1":[18,1],"2":[17,1],"3":[17,1],"4":[26,0],"5":[19,0],"6":[19,0],"7":[18,1],"8":[17,1],"9":[17,0],"10":[2,15],"11":[1,1],"12":[2,14],"13":[1,1],"14":[10,0],"15":[9,1],"16":[8,1],"17":[1,7],"18":[4,3],"19":[3,0],"20":[3,0],"21":[2,1],"22":[1,1],"23":[2,0],"24":[2,0],"25":[1,0],"26":[1,0],"27":[2,0],"28":[2,0],"29":[0,0],"30":[0,0],"31":[0,0],"32":[0,0],"33":[4,1],"34":[4,1],"35":[3,0],"36":[0,0],"37":[2,0],"38":[1,0],"39":[1,0],"40":[1,0],"41":[1,0],"42":[1,0],"43":[1,0]},"f":{"1":19,"2":18,"3":26,"4":17,"5":10,"6":3,"7":5,"8":5,"9":2,"10":2,"11":1,"12":1,"13":2,"14":2,"15":0,"16":0,"17":0,"18":0,"19":5,"20":5,"21":3,"22":0,"23":2,"24":1,"25":1,"26":1},"fnMap":{"1":{"name":"onlyWhitelisted","line":49,"loc":{"start":{"line":49,"column":4},"end":{"line":52,"column":4}}},"2":{"name":"whenStakingNotPaused","line":54,"loc":{"start":{"line":54,"column":4},"end":{"line":57,"column":4}}},"3":{"name":"initialize","line":75,"loc":{"start":{"line":68,"column":4},"end":{"line":89,"column":4}}},"4":{"name":"stake","line":101,"loc":{"start":{"line":96,"column":4},"end":{"line":114,"column":4}}},"5":{"name":"unstake","line":122,"loc":{"start":{"line":122,"column":4},"end":{"line":147,"column":4}}},"6":{"name":"claim","line":152,"loc":{"start":{"line":152,"column":4},"end":{"line":165,"column":4}}},"7":{"name":"calculateTotalWithdraw","line":173,"loc":{"start":{"line":173,"column":4},"end":{"line":187,"column":4}}},"8":{"name":"totalStaked","line":193,"loc":{"start":{"line":193,"column":4},"end":{"line":195,"column":4}}},"9":{"name":"rewardPool","line":201,"loc":{"start":{"line":201,"column":4},"end":{"line":203,"column":4}}},"10":{"name":"pauseStakingFunction","line":208,"loc":{"start":{"line":208,"column":4},"end":{"line":210,"column":4}}},"11":{"name":"unpauseStaking","line":215,"loc":{"start":{"line":215,"column":4},"end":{"line":217,"column":4}}},"12":{"name":"updateStakingDuration","line":223,"loc":{"start":{"line":223,"column":4},"end":{"line":226,"column":4}}},"13":{"name":"updateMinCap","line":232,"loc":{"start":{"line":232,"column":4},"end":{"line":234,"column":4}}},"14":{"name":"updateMaxCap","line":240,"loc":{"start":{"line":240,"column":4},"end":{"line":242,"column":4}}},"15":{"name":"updateYieldConstant","line":248,"loc":{"start":{"line":248,"column":4},"end":{"line":250,"column":4}}},"16":{"name":"updateCooldownPeriod","line":256,"loc":{"start":{"line":256,"column":4},"end":{"line":258,"column":4}}},"17":{"name":"updateStartingSlashingPoint","line":264,"loc":{"start":{"line":264,"column":4},"end":{"line":266,"column":4}}},"18":{"name":"updateMonthlyIncreasePercentage","line":272,"loc":{"start":{"line":272,"column":4},"end":{"line":274,"column":4}}},"19":{"name":"calculateYield","line":281,"loc":{"start":{"line":281,"column":4},"end":{"line":289,"column":4}}},"20":{"name":"calculateTax","line":296,"loc":{"start":{"line":296,"column":4},"end":{"line":303,"column":4}}},"21":{"name":"enableWhitelist","line":308,"loc":{"start":{"line":308,"column":4},"end":{"line":310,"column":4}}},"22":{"name":"disableWhitelist","line":315,"loc":{"start":{"line":315,"column":4},"end":{"line":317,"column":4}}},"23":{"name":"addToWhitelist","line":323,"loc":{"start":{"line":323,"column":4},"end":{"line":326,"column":4}}},"24":{"name":"removeFromWhitelist","line":332,"loc":{"start":{"line":332,"column":4},"end":{"line":335,"column":4}}},"25":{"name":"depositRewardTokens","line":341,"loc":{"start":{"line":341,"column":4},"end":{"line":346,"column":4}}},"26":{"name":"withdrawRewardTokens","line":352,"loc":{"start":{"line":352,"column":4},"end":{"line":358,"column":4}}}},"statementMap":{"1":{"start":{"line":50,"column":8},"end":{"line":50,"column":96}},"2":{"start":{"line":55,"column":8},"end":{"line":55,"column":50}},"3":{"start":{"line":76,"column":8},"end":{"line":76,"column":33}},"4":{"start":{"line":77,"column":8},"end":{"line":77,"column":24}},"5":{"start":{"line":78,"column":8},"end":{"line":78,"column":31}},"6":{"start":{"line":103,"column":8},"end":{"line":103,"column":45}},"7":{"start":{"line":104,"column":8},"end":{"line":104,"column":3765}},"8":{"start":{"line":105,"column":12},"end":{"line":105,"column":65}},"9":{"start":{"line":107,"column":8},"end":{"line":107,"column":3869}},"10":{"start":{"line":108,"column":12},"end":{"line":108,"column":67}},"11":{"start":{"line":112,"column":8},"end":{"line":112,"column":68}},"12":{"start":{"line":113,"column":8},"end":{"line":113,"column":40}},"13":{"start":{"line":123,"column":8},"end":{"line":123,"column":56}},"14":{"start":{"line":124,"column":8},"end":{"line":124,"column":75}},"15":{"start":{"line":125,"column":8},"end":{"line":125,"column":72}},"16":{"start":{"line":127,"column":8},"end":{"line":127,"column":4866}},"17":{"start":{"line":128,"column":12},"end":{"line":128,"column":46}},"18":{"start":{"line":130,"column":12},"end":{"line":130,"column":86}},"19":{"start":{"line":132,"column":12},"end":{"line":132,"column":57}},"20":{"start":{"line":133,"column":12},"end":{"line":133,"column":51}},"21":{"start":{"line":134,"column":15},"end":{"line":134,"column":5229}},"22":{"start":{"line":138,"column":12},"end":{"line":138,"column":63}},"23":{"start":{"line":141,"column":12},"end":{"line":141,"column":46}},"24":{"start":{"line":142,"column":12},"end":{"line":142,"column":86}},"25":{"start":{"line":144,"column":12},"end":{"line":144,"column":57}},"26":{"start":{"line":145,"column":12},"end":{"line":145,"column":51}},"27":{"start":{"line":153,"column":8},"end":{"line":153,"column":56}},"28":{"start":{"line":154,"column":8},"end":{"line":154,"column":67}},"29":{"start":{"line":155,"column":8},"end":{"line":155,"column":108}},"30":{"start":{"line":157,"column":8},"end":{"line":157,"column":42}},"31":{"start":{"line":158,"column":8},"end":{"line":158,"column":82}},"32":{"start":{"line":163,"column":8},"end":{"line":163,"column":53}},"33":{"start":{"line":164,"column":8},"end":{"line":164,"column":47}},"34":{"start":{"line":178,"column":8},"end":{"line":178,"column":56}},"35":{"start":{"line":179,"column":8},"end":{"line":179,"column":46}},"36":{"start":{"line":180,"column":8},"end":{"line":180,"column":44}},"37":{"start":{"line":182,"column":8},"end":{"line":182,"column":45}},"38":{"start":{"line":183,"column":8},"end":{"line":183,"column":49}},"39":{"start":{"line":184,"column":8},"end":{"line":184,"column":68}},"40":{"start":{"line":186,"column":8},"end":{"line":186,"column":34}},"41":{"start":{"line":194,"column":8},"end":{"line":194,"column":27}},"42":{"start":{"line":202,"column":8},"end":{"line":202,"column":26}},"43":{"start":{"line":282,"column":8},"end":{"line":282,"column":10293}},"44":{"start":{"line":283,"column":12},"end":{"line":283,"column":38}},"45":{"start":{"line":285,"column":12},"end":{"line":285,"column":85}},"46":{"start":{"line":286,"column":12},"end":{"line":286,"column":63}},"47":{"start":{"line":287,"column":12},"end":{"line":287,"column":20}},"48":{"start":{"line":297,"column":8},"end":{"line":297,"column":10868}},"49":{"start":{"line":298,"column":12},"end":{"line":298,"column":20}},"50":{"start":{"line":300,"column":12},"end":{"line":300,"column":106}},"51":{"start":{"line":301,"column":12},"end":{"line":301,"column":20}},"52":{"start":{"line":325,"column":8},"end":{"line":325,"column":51}},"53":{"start":{"line":334,"column":8},"end":{"line":334,"column":52}},"54":{"start":{"line":342,"column":8},"end":{"line":342,"column":47}},"55":{"start":{"line":344,"column":8},"end":{"line":344,"column":68}},"56":{"start":{"line":345,"column":8},"end":{"line":345,"column":41}},"57":{"start":{"line":353,"column":8},"end":{"line":353,"column":48}},"58":{"start":{"line":354,"column":8},"end":{"line":354,"column":74}},"59":{"start":{"line":356,"column":8},"end":{"line":356,"column":49}},"60":{"start":{"line":357,"column":8},"end":{"line":357,"column":42}}},"branchMap":{"1":{"line":50,"type":"if","locations":[{"start":{"line":50,"column":8},"end":{"line":50,"column":8}},{"start":{"line":50,"column":8},"end":{"line":50,"column":8}}]},"2":{"line":50,"type":"cond-expr","locations":[{"start":{"line":50,"column":16},"end":{"line":50,"column":32}},{"start":{"line":50,"column":37},"end":{"line":50,"column":68}}]},"3":{"line":55,"type":"if","locations":[{"start":{"line":55,"column":8},"end":{"line":55,"column":8}},{"start":{"line":55,"column":8},"end":{"line":55,"column":8}}]},"4":{"line":75,"type":"if","locations":[{"start":{"line":75,"column":13},"end":{"line":75,"column":13}},{"start":{"line":75,"column":13},"end":{"line":75,"column":13}}]},"5":{"line":98,"type":"if","locations":[{"start":{"line":98,"column":8},"end":{"line":98,"column":8}},{"start":{"line":98,"column":8},"end":{"line":98,"column":8}}]},"6":{"line":99,"type":"if","locations":[{"start":{"line":99,"column":8},"end":{"line":99,"column":8}},{"start":{"line":99,"column":8},"end":{"line":99,"column":8}}]},"7":{"line":100,"type":"if","locations":[{"start":{"line":100,"column":8},"end":{"line":100,"column":8}},{"start":{"line":100,"column":8},"end":{"line":100,"column":8}}]},"8":{"line":101,"type":"if","locations":[{"start":{"line":101,"column":8},"end":{"line":101,"column":8}},{"start":{"line":101,"column":8},"end":{"line":101,"column":8}}]},"9":{"line":103,"type":"if","locations":[{"start":{"line":103,"column":8},"end":{"line":103,"column":8}},{"start":{"line":103,"column":8},"end":{"line":103,"column":8}}]},"10":{"line":104,"type":"if","locations":[{"start":{"line":104,"column":8},"end":{"line":104,"column":8}},{"start":{"line":104,"column":8},"end":{"line":104,"column":8}}]},"11":{"line":105,"type":"if","locations":[{"start":{"line":105,"column":12},"end":{"line":105,"column":12}},{"start":{"line":105,"column":12},"end":{"line":105,"column":12}}]},"12":{"line":107,"type":"if","locations":[{"start":{"line":107,"column":8},"end":{"line":107,"column":8}},{"start":{"line":107,"column":8},"end":{"line":107,"column":8}}]},"13":{"line":108,"type":"if","locations":[{"start":{"line":108,"column":12},"end":{"line":108,"column":12}},{"start":{"line":108,"column":12},"end":{"line":108,"column":12}}]},"14":{"line":122,"type":"if","locations":[{"start":{"line":122,"column":32},"end":{"line":122,"column":32}},{"start":{"line":122,"column":32},"end":{"line":122,"column":32}}]},"15":{"line":124,"type":"if","locations":[{"start":{"line":124,"column":8},"end":{"line":124,"column":8}},{"start":{"line":124,"column":8},"end":{"line":124,"column":8}}]},"16":{"line":125,"type":"if","locations":[{"start":{"line":125,"column":8},"end":{"line":125,"column":8}},{"start":{"line":125,"column":8},"end":{"line":125,"column":8}}]},"17":{"line":127,"type":"if","locations":[{"start":{"line":127,"column":8},"end":{"line":127,"column":8}},{"start":{"line":127,"column":8},"end":{"line":127,"column":8}}]},"18":{"line":134,"type":"if","locations":[{"start":{"line":134,"column":15},"end":{"line":134,"column":15}},{"start":{"line":134,"column":15},"end":{"line":134,"column":15}}]},"19":{"line":152,"type":"if","locations":[{"start":{"line":152,"column":30},"end":{"line":152,"column":30}},{"start":{"line":152,"column":30},"end":{"line":152,"column":30}}]},"20":{"line":152,"type":"if","locations":[{"start":{"line":152,"column":43},"end":{"line":152,"column":43}},{"start":{"line":152,"column":43},"end":{"line":152,"column":43}}]},"21":{"line":154,"type":"if","locations":[{"start":{"line":154,"column":8},"end":{"line":154,"column":8}},{"start":{"line":154,"column":8},"end":{"line":154,"column":8}}]},"22":{"line":155,"type":"if","locations":[{"start":{"line":155,"column":8},"end":{"line":155,"column":8}},{"start":{"line":155,"column":8},"end":{"line":155,"column":8}}]},"23":{"line":208,"type":"if","locations":[{"start":{"line":208,"column":45},"end":{"line":208,"column":45}},{"start":{"line":208,"column":45},"end":{"line":208,"column":45}}]},"24":{"line":208,"type":"if","locations":[{"start":{"line":208,"column":55},"end":{"line":208,"column":55}},{"start":{"line":208,"column":55},"end":{"line":208,"column":55}}]},"25":{"line":215,"type":"if","locations":[{"start":{"line":215,"column":39},"end":{"line":215,"column":39}},{"start":{"line":215,"column":39},"end":{"line":215,"column":39}}]},"26":{"line":223,"type":"if","locations":[{"start":{"line":223,"column":70},"end":{"line":223,"column":70}},{"start":{"line":223,"column":70},"end":{"line":223,"column":70}}]},"27":{"line":232,"type":"if","locations":[{"start":{"line":232,"column":52},"end":{"line":232,"column":52}},{"start":{"line":232,"column":52},"end":{"line":232,"column":52}}]},"28":{"line":240,"type":"if","locations":[{"start":{"line":240,"column":52},"end":{"line":240,"column":52}},{"start":{"line":240,"column":52},"end":{"line":240,"column":52}}]},"29":{"line":248,"type":"if","locations":[{"start":{"line":248,"column":66},"end":{"line":248,"column":66}},{"start":{"line":248,"column":66},"end":{"line":248,"column":66}}]},"30":{"line":256,"type":"if","locations":[{"start":{"line":256,"column":68},"end":{"line":256,"column":68}},{"start":{"line":256,"column":68},"end":{"line":256,"column":68}}]},"31":{"line":264,"type":"if","locations":[{"start":{"line":264,"column":82},"end":{"line":264,"column":82}},{"start":{"line":264,"column":82},"end":{"line":264,"column":82}}]},"32":{"line":272,"type":"if","locations":[{"start":{"line":272,"column":90},"end":{"line":272,"column":90}},{"start":{"line":272,"column":90},"end":{"line":272,"column":90}}]},"33":{"line":282,"type":"if","locations":[{"start":{"line":282,"column":8},"end":{"line":282,"column":8}},{"start":{"line":282,"column":8},"end":{"line":282,"column":8}}]},"34":{"line":297,"type":"if","locations":[{"start":{"line":297,"column":8},"end":{"line":297,"column":8}},{"start":{"line":297,"column":8},"end":{"line":297,"column":8}}]},"35":{"line":308,"type":"if","locations":[{"start":{"line":308,"column":40},"end":{"line":308,"column":40}},{"start":{"line":308,"column":40},"end":{"line":308,"column":40}}]},"36":{"line":315,"type":"if","locations":[{"start":{"line":315,"column":41},"end":{"line":315,"column":41}},{"start":{"line":315,"column":41},"end":{"line":315,"column":41}}]},"37":{"line":323,"type":"if","locations":[{"start":{"line":323,"column":55},"end":{"line":323,"column":55}},{"start":{"line":323,"column":55},"end":{"line":323,"column":55}}]},"38":{"line":332,"type":"if","locations":[{"start":{"line":332,"column":60},"end":{"line":332,"column":60}},{"start":{"line":332,"column":60},"end":{"line":332,"column":60}}]},"39":{"line":341,"type":"if","locations":[{"start":{"line":341,"column":59},"end":{"line":341,"column":59}},{"start":{"line":341,"column":59},"end":{"line":341,"column":59}}]},"40":{"line":342,"type":"if","locations":[{"start":{"line":342,"column":8},"end":{"line":342,"column":8}},{"start":{"line":342,"column":8},"end":{"line":342,"column":8}}]},"41":{"line":352,"type":"if","locations":[{"start":{"line":352,"column":60},"end":{"line":352,"column":60}},{"start":{"line":352,"column":60},"end":{"line":352,"column":60}}]},"42":{"line":353,"type":"if","locations":[{"start":{"line":353,"column":8},"end":{"line":353,"column":8}},{"start":{"line":353,"column":8},"end":{"line":353,"column":8}}]},"43":{"line":354,"type":"if","locations":[{"start":{"line":354,"column":8},"end":{"line":354,"column":8}},{"start":{"line":354,"column":8},"end":{"line":354,"column":8}}]}}},"contracts/StakingToken.sol":{"l":{"9":26},"path":"/Users/yessinemaalej/erable/contracts/contracts/StakingToken.sol","s":{"1":26},"b":{},"f":{"1":26},"fnMap":{"1":{"name":"constructor","line":8,"loc":{"start":{"line":8,"column":4},"end":{"line":10,"column":4}}}},"statementMap":{"1":{"start":{"line":9,"column":8},"end":{"line":9,"column":39}}},"branchMap":{}}}