{"contracts/Staking.sol":{"l":{"72":30,"76":29,"96":37,"97":37,"98":37,"100":37,"101":37,"102":37,"103":37,"104":37,"105":37,"106":37,"107":37,"108":37,"121":29,"122":29,"123":2,"125":28,"126":2,"129":27,"130":27,"131":27,"132":27,"133":27,"134":27,"135":27,"143":20,"144":20,"145":19,"147":18,"148":18,"150":18,"151":3,"153":8,"154":8,"155":8,"156":8,"158":7,"161":10,"162":10,"163":10,"164":10,"165":10,"167":10,"168":9,"177":7,"178":7,"179":6,"181":5,"182":5,"184":5,"185":5,"186":5,"187":5,"188":5,"190":5,"191":3,"206":15,"207":15,"209":15,"210":15,"211":15,"213":15,"218":15,"226":5,"234":3,"241":1,"248":1,"259":10,"260":10,"268":2,"276":2,"284":0,"292":0,"303":1,"314":1,"327":25,"328":17,"330":8,"331":8,"332":8,"342":21,"343":13,"345":8,"348":8,"356":3,"363":0,"371":2,"372":2,"380":1,"381":1,"389":39,"390":38,"391":38,"392":38,"400":1,"401":1,"402":1,"403":1,"404":1,"413":17,"414":17,"415":15,"417":17},"path":"/Users/yessinemaalej/erable/contracts/contracts/Staking.sol","s":{"1":30,"2":37,"3":37,"4":37,"5":29,"6":29,"7":2,"8":28,"9":2,"10":27,"11":27,"12":27,"13":27,"14":20,"15":20,"16":19,"17":18,"18":18,"19":18,"20":15,"21":8,"22":8,"23":10,"24":10,"25":10,"26":7,"27":7,"28":6,"29":5,"30":5,"31":5,"32":5,"33":5,"34":15,"35":15,"36":15,"37":15,"38":15,"39":15,"40":15,"41":5,"42":3,"43":1,"44":1,"45":25,"46":17,"47":8,"48":8,"49":8,"50":21,"51":13,"52":8,"53":8,"54":2,"55":1,"56":39,"57":38,"58":38,"59":1,"60":1,"61":1,"62":1,"63":17,"64":17,"65":17},"b":{"1":[29,1],"2":[28,1],"3":[37,0],"4":[30,0],"5":[30,0],"6":[29,1],"7":[29,0],"8":[2,27],"9":[1,1],"10":[2,26],"11":[1,1],"12":[20,0],"13":[19,1],"14":[18,1],"15":[3,15],"16":[8,7],"17":[9,1],"18":[7,0],"19":[7,0],"20":[6,1],"21":[5,1],"22":[3,2],"23":[15,0],"24":[1,0],"25":[1,0],"26":[10,0],"27":[2,0],"28":[2,0],"29":[0,0],"30":[0,0],"31":[1,0],"32":[1,0],"33":[17,8],"34":[13,8],"35":[3,0],"36":[0,0],"37":[2,0],"38":[1,0],"39":[39,0],"40":[38,1],"41":[1,0],"42":[1,0],"43":[1,0]},"f":{"1":30,"2":37,"3":29,"4":20,"5":7,"6":15,"7":5,"8":3,"9":1,"10":1,"11":10,"12":2,"13":2,"14":0,"15":0,"16":1,"17":1,"18":25,"19":21,"20":3,"21":0,"22":2,"23":1,"24":39,"25":1,"26":17},"fnMap":{"1":{"name":"onlyWhitelisted","line":71,"loc":{"start":{"line":71,"column":4},"end":{"line":77,"column":4}}},"2":{"name":"initialize","line":95,"loc":{"start":{"line":88,"column":4},"end":{"line":109,"column":4}}},"3":{"name":"stake","line":119,"loc":{"start":{"line":115,"column":4},"end":{"line":136,"column":4}}},"4":{"name":"unstake","line":142,"loc":{"start":{"line":142,"column":4},"end":{"line":170,"column":4}}},"5":{"name":"claim","line":176,"loc":{"start":{"line":176,"column":4},"end":{"line":193,"column":4}}},"6":{"name":"calculateTotalWithdraw","line":201,"loc":{"start":{"line":201,"column":4},"end":{"line":219,"column":4}}},"7":{"name":"totalStaked","line":225,"loc":{"start":{"line":225,"column":4},"end":{"line":227,"column":4}}},"8":{"name":"rewardPool","line":233,"loc":{"start":{"line":233,"column":4},"end":{"line":235,"column":4}}},"9":{"name":"pause","line":240,"loc":{"start":{"line":240,"column":4},"end":{"line":242,"column":4}}},"10":{"name":"unpause","line":247,"loc":{"start":{"line":247,"column":4},"end":{"line":249,"column":4}}},"11":{"name":"updateStakingDuration","line":257,"loc":{"start":{"line":255,"column":4},"end":{"line":261,"column":4}}},"12":{"name":"updateMinCap","line":267,"loc":{"start":{"line":267,"column":4},"end":{"line":269,"column":4}}},"13":{"name":"updateMaxCap","line":275,"loc":{"start":{"line":275,"column":4},"end":{"line":277,"column":4}}},"14":{"name":"updateYieldConstant","line":283,"loc":{"start":{"line":283,"column":4},"end":{"line":285,"column":4}}},"15":{"name":"updateCooldownPeriod","line":291,"loc":{"start":{"line":291,"column":4},"end":{"line":293,"column":4}}},"16":{"name":"updateStartingSlashingPoint","line":301,"loc":{"start":{"line":299,"column":4},"end":{"line":304,"column":4}}},"17":{"name":"updateMonthlyIncreasePercentage","line":312,"loc":{"start":{"line":310,"column":4},"end":{"line":315,"column":4}}},"18":{"name":"calculateYield","line":322,"loc":{"start":{"line":322,"column":4},"end":{"line":334,"column":4}}},"19":{"name":"calculateTax","line":341,"loc":{"start":{"line":341,"column":4},"end":{"line":350,"column":4}}},"20":{"name":"enableWhitelist","line":355,"loc":{"start":{"line":355,"column":4},"end":{"line":357,"column":4}}},"21":{"name":"disableWhitelist","line":362,"loc":{"start":{"line":362,"column":4},"end":{"line":364,"column":4}}},"22":{"name":"addToWhitelist","line":370,"loc":{"start":{"line":370,"column":4},"end":{"line":373,"column":4}}},"23":{"name":"removeFromWhitelist","line":379,"loc":{"start":{"line":379,"column":4},"end":{"line":382,"column":4}}},"24":{"name":"depositRewardTokens","line":388,"loc":{"start":{"line":388,"column":4},"end":{"line":393,"column":4}}},"25":{"name":"withdrawRewardTokens","line":399,"loc":{"start":{"line":399,"column":4},"end":{"line":405,"column":4}}},"26":{"name":"getTotalStakedForUser","line":412,"loc":{"start":{"line":412,"column":4},"end":{"line":418,"column":4}}}},"statementMap":{"1":{"start":{"line":72,"column":8},"end":{"line":72,"column":2490}},"2":{"start":{"line":96,"column":8},"end":{"line":96,"column":33}},"3":{"start":{"line":97,"column":8},"end":{"line":97,"column":24}},"4":{"start":{"line":98,"column":8},"end":{"line":98,"column":31}},"5":{"start":{"line":121,"column":8},"end":{"line":121,"column":45}},"6":{"start":{"line":122,"column":8},"end":{"line":122,"column":4274}},"7":{"start":{"line":123,"column":12},"end":{"line":123,"column":65}},"8":{"start":{"line":125,"column":8},"end":{"line":125,"column":4378}},"9":{"start":{"line":126,"column":12},"end":{"line":126,"column":103}},"10":{"start":{"line":129,"column":8},"end":{"line":129,"column":54}},"11":{"start":{"line":130,"column":8},"end":{"line":130,"column":73}},"12":{"start":{"line":134,"column":8},"end":{"line":134,"column":68}},"13":{"start":{"line":135,"column":8},"end":{"line":135,"column":40}},"14":{"start":{"line":143,"column":8},"end":{"line":143,"column":65}},"15":{"start":{"line":144,"column":8},"end":{"line":144,"column":75}},"16":{"start":{"line":145,"column":8},"end":{"line":145,"column":72}},"17":{"start":{"line":147,"column":8},"end":{"line":147,"column":42}},"18":{"start":{"line":148,"column":8},"end":{"line":148,"column":27}},"19":{"start":{"line":150,"column":8},"end":{"line":150,"column":5376}},"20":{"start":{"line":152,"column":15},"end":{"line":152,"column":5517}},"21":{"start":{"line":155,"column":12},"end":{"line":155,"column":63}},"22":{"start":{"line":156,"column":12},"end":{"line":156,"column":18}},"23":{"start":{"line":164,"column":8},"end":{"line":164,"column":53}},"24":{"start":{"line":165,"column":8},"end":{"line":165,"column":47}},"25":{"start":{"line":167,"column":8},"end":{"line":167,"column":6139}},"26":{"start":{"line":177,"column":8},"end":{"line":177,"column":65}},"27":{"start":{"line":178,"column":8},"end":{"line":178,"column":67}},"28":{"start":{"line":179,"column":8},"end":{"line":179,"column":108}},"29":{"start":{"line":181,"column":8},"end":{"line":181,"column":42}},"30":{"start":{"line":182,"column":8},"end":{"line":182,"column":100}},"31":{"start":{"line":187,"column":8},"end":{"line":187,"column":53}},"32":{"start":{"line":188,"column":8},"end":{"line":188,"column":47}},"33":{"start":{"line":190,"column":8},"end":{"line":190,"column":7100}},"34":{"start":{"line":206,"column":8},"end":{"line":206,"column":46}},"35":{"start":{"line":207,"column":8},"end":{"line":207,"column":44}},"36":{"start":{"line":209,"column":8},"end":{"line":209,"column":45}},"37":{"start":{"line":210,"column":8},"end":{"line":210,"column":49}},"38":{"start":{"line":211,"column":8},"end":{"line":211,"column":68}},"39":{"start":{"line":213,"column":8},"end":{"line":213,"column":7888}},"40":{"start":{"line":218,"column":8},"end":{"line":218,"column":34}},"41":{"start":{"line":226,"column":8},"end":{"line":226,"column":27}},"42":{"start":{"line":234,"column":8},"end":{"line":234,"column":26}},"43":{"start":{"line":241,"column":8},"end":{"line":241,"column":15}},"44":{"start":{"line":248,"column":8},"end":{"line":248,"column":17}},"45":{"start":{"line":327,"column":8},"end":{"line":327,"column":10946}},"46":{"start":{"line":328,"column":12},"end":{"line":328,"column":38}},"47":{"start":{"line":330,"column":12},"end":{"line":330,"column":85}},"48":{"start":{"line":331,"column":12},"end":{"line":331,"column":63}},"49":{"start":{"line":332,"column":12},"end":{"line":332,"column":20}},"50":{"start":{"line":342,"column":8},"end":{"line":342,"column":11515}},"51":{"start":{"line":343,"column":12},"end":{"line":343,"column":20}},"52":{"start":{"line":345,"column":12},"end":{"line":345,"column":11626}},"53":{"start":{"line":348,"column":12},"end":{"line":348,"column":20}},"54":{"start":{"line":372,"column":8},"end":{"line":372,"column":51}},"55":{"start":{"line":381,"column":8},"end":{"line":381,"column":52}},"56":{"start":{"line":389,"column":8},"end":{"line":389,"column":47}},"57":{"start":{"line":391,"column":8},"end":{"line":391,"column":68}},"58":{"start":{"line":392,"column":8},"end":{"line":392,"column":41}},"59":{"start":{"line":400,"column":8},"end":{"line":400,"column":48}},"60":{"start":{"line":401,"column":8},"end":{"line":401,"column":74}},"61":{"start":{"line":403,"column":8},"end":{"line":403,"column":49}},"62":{"start":{"line":404,"column":8},"end":{"line":404,"column":42}},"63":{"start":{"line":413,"column":8},"end":{"line":413,"column":37}},"64":{"start":{"line":414,"column":8},"end":{"line":414,"column":13791}},"65":{"start":{"line":417,"column":8},"end":{"line":417,"column":32}}},"branchMap":{"1":{"line":72,"type":"if","locations":[{"start":{"line":72,"column":8},"end":{"line":72,"column":8}},{"start":{"line":72,"column":8},"end":{"line":72,"column":8}}]},"2":{"line":73,"type":"cond-expr","locations":[{"start":{"line":73,"column":12},"end":{"line":73,"column":28}},{"start":{"line":73,"column":33},"end":{"line":73,"column":64}}]},"3":{"line":95,"type":"if","locations":[{"start":{"line":95,"column":13},"end":{"line":95,"column":13}},{"start":{"line":95,"column":13},"end":{"line":95,"column":13}}]},"4":{"line":117,"type":"if","locations":[{"start":{"line":117,"column":8},"end":{"line":117,"column":8}},{"start":{"line":117,"column":8},"end":{"line":117,"column":8}}]},"5":{"line":118,"type":"if","locations":[{"start":{"line":118,"column":8},"end":{"line":118,"column":8}},{"start":{"line":118,"column":8},"end":{"line":118,"column":8}}]},"6":{"line":119,"type":"if","locations":[{"start":{"line":119,"column":8},"end":{"line":119,"column":8}},{"start":{"line":119,"column":8},"end":{"line":119,"column":8}}]},"7":{"line":121,"type":"if","locations":[{"start":{"line":121,"column":8},"end":{"line":121,"column":8}},{"start":{"line":121,"column":8},"end":{"line":121,"column":8}}]},"8":{"line":122,"type":"if","locations":[{"start":{"line":122,"column":8},"end":{"line":122,"column":8}},{"start":{"line":122,"column":8},"end":{"line":122,"column":8}}]},"9":{"line":123,"type":"if","locations":[{"start":{"line":123,"column":12},"end":{"line":123,"column":12}},{"start":{"line":123,"column":12},"end":{"line":123,"column":12}}]},"10":{"line":125,"type":"if","locations":[{"start":{"line":125,"column":8},"end":{"line":125,"column":8}},{"start":{"line":125,"column":8},"end":{"line":125,"column":8}}]},"11":{"line":126,"type":"if","locations":[{"start":{"line":126,"column":12},"end":{"line":126,"column":12}},{"start":{"line":126,"column":12},"end":{"line":126,"column":12}}]},"12":{"line":142,"type":"if","locations":[{"start":{"line":142,"column":47},"end":{"line":142,"column":47}},{"start":{"line":142,"column":47},"end":{"line":142,"column":47}}]},"13":{"line":144,"type":"if","locations":[{"start":{"line":144,"column":8},"end":{"line":144,"column":8}},{"start":{"line":144,"column":8},"end":{"line":144,"column":8}}]},"14":{"line":145,"type":"if","locations":[{"start":{"line":145,"column":8},"end":{"line":145,"column":8}},{"start":{"line":145,"column":8},"end":{"line":145,"column":8}}]},"15":{"line":150,"type":"if","locations":[{"start":{"line":150,"column":8},"end":{"line":150,"column":8}},{"start":{"line":150,"column":8},"end":{"line":150,"column":8}}]},"16":{"line":152,"type":"if","locations":[{"start":{"line":152,"column":15},"end":{"line":152,"column":15}},{"start":{"line":152,"column":15},"end":{"line":152,"column":15}}]},"17":{"line":167,"type":"if","locations":[{"start":{"line":167,"column":8},"end":{"line":167,"column":8}},{"start":{"line":167,"column":8},"end":{"line":167,"column":8}}]},"18":{"line":176,"type":"if","locations":[{"start":{"line":176,"column":45},"end":{"line":176,"column":45}},{"start":{"line":176,"column":45},"end":{"line":176,"column":45}}]},"19":{"line":176,"type":"if","locations":[{"start":{"line":176,"column":58},"end":{"line":176,"column":58}},{"start":{"line":176,"column":58},"end":{"line":176,"column":58}}]},"20":{"line":178,"type":"if","locations":[{"start":{"line":178,"column":8},"end":{"line":178,"column":8}},{"start":{"line":178,"column":8},"end":{"line":178,"column":8}}]},"21":{"line":179,"type":"if","locations":[{"start":{"line":179,"column":8},"end":{"line":179,"column":8}},{"start":{"line":179,"column":8},"end":{"line":179,"column":8}}]},"22":{"line":190,"type":"if","locations":[{"start":{"line":190,"column":8},"end":{"line":190,"column":8}},{"start":{"line":190,"column":8},"end":{"line":190,"column":8}}]},"23":{"line":213,"type":"if","locations":[{"start":{"line":213,"column":8},"end":{"line":213,"column":8}},{"start":{"line":213,"column":8},"end":{"line":213,"column":8}}]},"24":{"line":240,"type":"if","locations":[{"start":{"line":240,"column":30},"end":{"line":240,"column":30}},{"start":{"line":240,"column":30},"end":{"line":240,"column":30}}]},"25":{"line":247,"type":"if","locations":[{"start":{"line":247,"column":32},"end":{"line":247,"column":32}},{"start":{"line":247,"column":32},"end":{"line":247,"column":32}}]},"26":{"line":257,"type":"if","locations":[{"start":{"line":257,"column":8},"end":{"line":257,"column":8}},{"start":{"line":257,"column":8},"end":{"line":257,"column":8}}]},"27":{"line":267,"type":"if","locations":[{"start":{"line":267,"column":52},"end":{"line":267,"column":52}},{"start":{"line":267,"column":52},"end":{"line":267,"column":52}}]},"28":{"line":275,"type":"if","locations":[{"start":{"line":275,"column":52},"end":{"line":275,"column":52}},{"start":{"line":275,"column":52},"end":{"line":275,"column":52}}]},"29":{"line":283,"type":"if","locations":[{"start":{"line":283,"column":66},"end":{"line":283,"column":66}},{"start":{"line":283,"column":66},"end":{"line":283,"column":66}}]},"30":{"line":291,"type":"if","locations":[{"start":{"line":291,"column":68},"end":{"line":291,"column":68}},{"start":{"line":291,"column":68},"end":{"line":291,"column":68}}]},"31":{"line":301,"type":"if","locations":[{"start":{"line":301,"column":8},"end":{"line":301,"column":8}},{"start":{"line":301,"column":8},"end":{"line":301,"column":8}}]},"32":{"line":312,"type":"if","locations":[{"start":{"line":312,"column":8},"end":{"line":312,"column":8}},{"start":{"line":312,"column":8},"end":{"line":312,"column":8}}]},"33":{"line":327,"type":"if","locations":[{"start":{"line":327,"column":8},"end":{"line":327,"column":8}},{"start":{"line":327,"column":8},"end":{"line":327,"column":8}}]},"34":{"line":342,"type":"if","locations":[{"start":{"line":342,"column":8},"end":{"line":342,"column":8}},{"start":{"line":342,"column":8},"end":{"line":342,"column":8}}]},"35":{"line":355,"type":"if","locations":[{"start":{"line":355,"column":40},"end":{"line":355,"column":40}},{"start":{"line":355,"column":40},"end":{"line":355,"column":40}}]},"36":{"line":362,"type":"if","locations":[{"start":{"line":362,"column":41},"end":{"line":362,"column":41}},{"start":{"line":362,"column":41},"end":{"line":362,"column":41}}]},"37":{"line":370,"type":"if","locations":[{"start":{"line":370,"column":55},"end":{"line":370,"column":55}},{"start":{"line":370,"column":55},"end":{"line":370,"column":55}}]},"38":{"line":379,"type":"if","locations":[{"start":{"line":379,"column":60},"end":{"line":379,"column":60}},{"start":{"line":379,"column":60},"end":{"line":379,"column":60}}]},"39":{"line":388,"type":"if","locations":[{"start":{"line":388,"column":59},"end":{"line":388,"column":59}},{"start":{"line":388,"column":59},"end":{"line":388,"column":59}}]},"40":{"line":389,"type":"if","locations":[{"start":{"line":389,"column":8},"end":{"line":389,"column":8}},{"start":{"line":389,"column":8},"end":{"line":389,"column":8}}]},"41":{"line":399,"type":"if","locations":[{"start":{"line":399,"column":60},"end":{"line":399,"column":60}},{"start":{"line":399,"column":60},"end":{"line":399,"column":60}}]},"42":{"line":400,"type":"if","locations":[{"start":{"line":400,"column":8},"end":{"line":400,"column":8}},{"start":{"line":400,"column":8},"end":{"line":400,"column":8}}]},"43":{"line":401,"type":"if","locations":[{"start":{"line":401,"column":8},"end":{"line":401,"column":8}},{"start":{"line":401,"column":8},"end":{"line":401,"column":8}}]}}},"contracts/StakingToken.sol":{"l":{"9":37},"path":"/Users/yessinemaalej/erable/contracts/contracts/StakingToken.sol","s":{"1":37},"b":{},"f":{"1":37},"fnMap":{"1":{"name":"constructor","line":8,"loc":{"start":{"line":8,"column":4},"end":{"line":10,"column":4}}}},"statementMap":{"1":{"start":{"line":9,"column":8},"end":{"line":9,"column":39}}},"branchMap":{}}}